Arguments: 
  C:\Program Files\nodejs\node.exe C:\Users\marco\AppData\Roaming\npm\node_modules\yarn\bin\yarn.js login

PATH: 
  C:\Python39\Scripts\;C:\Python39\;C:\WINDOWS\system32;C:\WINDOWS;C:\WINDOWS\System32\Wbem;C:\WINDOWS\System32\WindowsPowerShell\v1.0\;C:\WINDOWS\System32\OpenSSH\;C:\Program Files\nodejs\;C:\ProgramData\chocolatey\bin;C:\Program Files\Gemalto\Classic Client\BIN;C:\Program Files (x86)\Gemalto\Classic Client\BIN;C:\Program Files (x86)\IDEMIA\AWP\Dlls;C:\Program Files\IDEMIA\AWP\Dlls;C:\Program Files (x86)\eParaksts Token Signing\;C:\Program Files\Git\cmd;C:\Users\marco\miniconda3;C:\Users\marco\miniconda3\Library\mingw-w64\bin;C:\Users\marco\miniconda3\Library\usr\bin;C:\Users\marco\miniconda3\Library\bin;C:\Users\marco\miniconda3\Scripts;C:\Users\marco\AppData\Local\Microsoft\WindowsApps;C:\Users\marco\AppData\Roaming\npm;C:\Users\marco\AppData\Local\Programs\Microsoft VS Code\bin;C:\Users\marco\AppData\Local\GitHubDesktop\bin;C:\ProgramData\marco\GitHubDesktop\bin;C:\Program Files\Git\bin;C:\Users\marco\.deno\bin;C:\Users\marco\AppData\Local\gitkraken\bin

Yarn version: 
  1.22.10

Node version: 
  15.11.0

Platform: 
  win32 x64

Trace: 
  Error: canceled
      at Interface.<anonymous> (C:\Users\marco\AppData\Roaming\npm\node_modules\yarn\lib\cli.js:136216:13)
      at Interface.emit (node:events:378:20)
      at Interface._ttyWrite (node:readline:973:16)
      at ReadStream.onkeypress (node:readline:259:10)
      at ReadStream.emit (node:events:378:20)
      at emitKeys (node:internal/readline/utils:358:14)
      at emitKeys.next (<anonymous>)
      at ReadStream.onData (node:readline:1242:36)
      at ReadStream.emit (node:events:378:20)
      at addChunk (node:internal/streams/readable:313:12)

npm manifest: 
  {
    "name": "gas-yt-to-json",
    "version": "1.0.0",
    "main": "endpoint.ts",
    "repository": "https://github.com/marcomow/gas-yt-to-json",
    "author": "marko <marcomow@gmail.com>",
    "scripts": {
      "login": "clasp login",
      "pull": "clasp pull",
      "watch": "clasp watch"
    }
  }

yarn manifest: 
  No manifest

Lockfile: 
  No lockfile
